=== puma startup: 2017-06-22 15:34:07 +0800 ===
[18383] * Starting control server on unix:///home/zhilu/rails/blogs/myblog/shared/tmp/sockets/pumactl.sock
Starting workers...
Before worker fork...
After worker fork...
Before worker fork...
On worker boot...
After worker fork...
Before worker fork...
On worker boot...
After worker fork...
Before worker fork...
On worker boot...
After worker fork...
Before worker fork...
On worker boot...
After worker fork...
Before worker fork...
On worker boot...
After worker fork...
Before worker fork...
On worker boot...
After worker fork...
Before worker fork...
On worker boot...
After worker fork...
[18383] - Worker 0 (pid: 18754) booted, phase: 0
[18383] - Worker 1 (pid: 18763) booted, phase: 0
[18383] - Worker 2 (pid: 18772) booted, phase: 0
[18383] - Worker 3 (pid: 18781) booted, phase: 0
[18383] - Worker 4 (pid: 18790) booted, phase: 0
[18383] - Worker 5 (pid: 18799) booted, phase: 0
[18383] - Worker 6 (pid: 18810) booted, phase: 0
On worker boot...
[18383] - Worker 7 (pid: 18848) booted, phase: 0
